8/20/2014 1:49:15 AM	This log contains information about the import schema operation into project 'GSKC.Database.GSKC' on computer 'FUNKYCOWBOY-PC' by user 'funkycowboy'.
8/20/2014 1:49:15 AM	Import of database schema has started.
8/20/2014 1:49:15 AM	Gathering database options
8/20/2014 1:49:15 AM	Gathering users
8/20/2014 1:49:15 AM	Gathering roles
8/20/2014 1:49:15 AM	Gathering application roles
8/20/2014 1:49:15 AM	Gathering role memberships
8/20/2014 1:49:15 AM	Gathering filegroups
8/20/2014 1:49:15 AM	Gathering full-text catalogs
8/20/2014 1:49:15 AM	Gathering assemblies
8/20/2014 1:49:15 AM	Gathering certificates
8/20/2014 1:49:15 AM	Gathering asymmetric keys
8/20/2014 1:49:15 AM	Gathering symmetric keys
8/20/2014 1:49:15 AM	Gathering encrypted symmetric keys
8/20/2014 1:49:15 AM	Gathering schemas
8/20/2014 1:49:15 AM	Gathering XML schema collections
8/20/2014 1:49:15 AM	Gathering user-defined data types
8/20/2014 1:49:15 AM	Gathering user-defined types
8/20/2014 1:49:15 AM	Gathering table types
8/20/2014 1:49:15 AM	Gathering unique keys for table types
8/20/2014 1:49:15 AM	Gathering primary keys for table types
8/20/2014 1:49:15 AM	Gathering check constraints for table types
8/20/2014 1:49:15 AM	Gathering default constraints for table types
8/20/2014 1:49:15 AM	Gathering partition functions
8/20/2014 1:49:15 AM	Gathering partition schemes
8/20/2014 1:49:15 AM	Gathering functions
8/20/2014 1:49:15 AM	Gathering encrypted functions
8/20/2014 1:49:15 AM	Gathering aggregates
8/20/2014 1:49:15 AM	Gathering procedures
8/20/2014 1:49:15 AM	Gathering encrypted procedures
8/20/2014 1:49:15 AM	Gathering tables
8/20/2014 1:49:15 AM	Gathering primary keys
8/20/2014 1:49:15 AM	Gathering unique constraints
8/20/2014 1:49:16 AM	Gathering foreign keys
8/20/2014 1:49:16 AM	Gathering default constraints
8/20/2014 1:49:16 AM	Gathering check constraints
8/20/2014 1:49:16 AM	Gathering views
8/20/2014 1:49:16 AM	Gathering encrypted views
8/20/2014 1:49:16 AM	Gathering indexes
8/20/2014 1:49:16 AM	Gathering statistics
8/20/2014 1:49:16 AM	Gathering full-text index stoplists
8/20/2014 1:49:16 AM	Gathering search property lists
8/20/2014 1:49:16 AM	Gathering search properties
8/20/2014 1:49:16 AM	Gathering full-text indexes
8/20/2014 1:49:16 AM	Gathering column store indexes
8/20/2014 1:49:16 AM	Gathering spatial indexes
8/20/2014 1:49:16 AM	Gathering XML indexes
8/20/2014 1:49:16 AM	Gathering encrypted triggers
8/20/2014 1:49:16 AM	Gathering triggers
8/20/2014 1:49:16 AM	Gathering encrypted and clr ddl triggers
8/20/2014 1:49:16 AM	Gathering ddl triggers
8/20/2014 1:49:16 AM	Gathering synonyms
8/20/2014 1:49:16 AM	Gathering defaults
8/20/2014 1:49:16 AM	Gathering data constraint uddt bindings
8/20/2014 1:49:16 AM	Gathering rules
8/20/2014 1:49:16 AM	Gathering data constraint uddt bindings
8/20/2014 1:49:16 AM	Gathering message types
8/20/2014 1:49:16 AM	Gathering queues
8/20/2014 1:49:16 AM	Gathering contracts
8/20/2014 1:49:16 AM	Gathering services
8/20/2014 1:49:16 AM	Gathering event notifications
8/20/2014 1:49:16 AM	Gathering remote service bindings
8/20/2014 1:49:16 AM	Gathering broker priorities
8/20/2014 1:49:16 AM	Gathering signatures
8/20/2014 1:49:16 AM	Gathering data compression options
8/20/2014 1:49:16 AM	Gathering sequence types
8/20/2014 1:49:16 AM	Gathering extended properties
8/20/2014 1:49:16 AM	Gathering credentials
8/20/2014 1:49:16 AM	Gathering logins
8/20/2014 1:49:16 AM	Gathering server audits
8/20/2014 1:49:16 AM	Scanning project for duplicate elements
8/20/2014 1:49:16 AM	Finished duplicate element processing
8/20/2014 1:49:16 AM	Finished importing database.
8/20/2014 1:49:16 AM	A summary of the import was saved to the following location: C:\Users\funkycowboy\Documents\Visual Studio 2013\Projects\GSKC.Web\GSKC.Database.GSKC\Import Schema Logs\GSKC.Database.GSKC_20140820054915.log
8/20/2014 1:49:16 AM	Click Finish to continue...
